[INFO]-[2021/08/09 13:56:02] Cloning: 1628517362054's clone job's data is not in database, generating data
[INFO]-[2021/08/09 13:56:03] DB Copy: Creating table wpstg0_commentmeta
[INFO]-[2021/08/09 13:56:03] DB Copy: Table wp_commentmeta contains 0 rows 
[INFO]-[2021/08/09 13:56:03] DB Copy: Creating table wpstg0_comments
[INFO]-[2021/08/09 13:56:03] DB Copy: Table wp_comments contains 1 rows 
[INFO]-[2021/08/09 13:56:03] DB Copy: wp_comments as wpstg0_comments from 0 to 10000 records
[INFO]-[2021/08/09 13:56:04] DB Copy: Creating table wpstg0_links
[INFO]-[2021/08/09 13:56:04] DB Copy: Table wp_links contains 0 rows 
[INFO]-[2021/08/09 13:56:04] DB Copy: Creating table wpstg0_options
[INFO]-[2021/08/09 13:56:04] DB Copy: Table wp_options contains 156 rows 
[INFO]-[2021/08/09 13:56:04] DB Copy: wp_options as wpstg0_options from 0 to 10000 records
[INFO]-[2021/08/09 13:56:05] DB Copy: Creating table wpstg0_postmeta
[INFO]-[2021/08/09 13:56:05] DB Copy: Table wp_postmeta contains 80 rows 
[INFO]-[2021/08/09 13:56:05] DB Copy: wp_postmeta as wpstg0_postmeta from 0 to 10000 records
[INFO]-[2021/08/09 13:56:05] DB Copy: Creating table wpstg0_posts
[INFO]-[2021/08/09 13:56:05] DB Copy: Table wp_posts contains 21 rows 
[INFO]-[2021/08/09 13:56:05] DB Copy: wp_posts as wpstg0_posts from 0 to 10000 records
[INFO]-[2021/08/09 13:56:05] DB Copy: Creating table wpstg0_term_relationships
[INFO]-[2021/08/09 13:56:05] DB Copy: Table wp_term_relationships contains 22 rows 
[INFO]-[2021/08/09 13:56:05] DB Copy: wp_term_relationships as wpstg0_term_relationships from 0 to 10000 records
[INFO]-[2021/08/09 13:56:06] DB Copy: Creating table wpstg0_term_taxonomy
[INFO]-[2021/08/09 13:56:06] DB Copy: Table wp_term_taxonomy contains 18 rows 
[INFO]-[2021/08/09 13:56:06] DB Copy: wp_term_taxonomy as wpstg0_term_taxonomy from 0 to 10000 records
[INFO]-[2021/08/09 13:56:06] DB Copy: Creating table wpstg0_termmeta
[INFO]-[2021/08/09 13:56:06] DB Copy: Table wp_termmeta contains 0 rows 
[INFO]-[2021/08/09 13:56:06] DB Copy: Creating table wpstg0_terms
[INFO]-[2021/08/09 13:56:06] DB Copy: Table wp_terms contains 18 rows 
[INFO]-[2021/08/09 13:56:06] DB Copy: wp_terms as wpstg0_terms from 0 to 10000 records
[INFO]-[2021/08/09 13:56:07] DB Copy: Creating table wpstg0_usermeta
[INFO]-[2021/08/09 13:56:07] DB Copy: Table wp_usermeta contains 17 rows 
[INFO]-[2021/08/09 13:56:07] DB Copy: wp_usermeta as wpstg0_usermeta from 0 to 10000 records
[INFO]-[2021/08/09 13:56:07] DB Copy: Creating table wpstg0_users
[INFO]-[2021/08/09 13:56:07] DB Copy: Table wp_users contains 1 rows 
[INFO]-[2021/08/09 13:56:07] DB Copy: wp_users as wpstg0_users from 0 to 10000 records
[INFO]-[2021/08/09 13:56:08] DB Search & Replace:  Table wpstg0_comments 0 to 20000 records
[INFO]-[2021/08/09 13:56:09] DB Search & Replace:  Table wpstg0_options 0 to 20000 records
[INFO]-[2021/08/09 13:56:10] DB Search & Replace:  Table wpstg0_postmeta 0 to 20000 records
[INFO]-[2021/08/09 13:56:10] DB Search & Replace:  Table wpstg0_posts 0 to 20000 records
[INFO]-[2021/08/09 13:56:10] DB Search & Replace:  Table wpstg0_term_relationships 0 to 20000 records
[INFO]-[2021/08/09 13:56:11] DB Search & Replace:  Table wpstg0_term_taxonomy 0 to 20000 records
[INFO]-[2021/08/09 13:56:11] DB Search & Replace:  Table wpstg0_terms 0 to 20000 records
[INFO]-[2021/08/09 13:56:12] DB Search & Replace:  Table wpstg0_usermeta 0 to 20000 records
[INFO]-[2021/08/09 13:56:12] DB Search & Replace:  Table wpstg0_users 0 to 20000 records
[INFO]-[2021/08/09 13:56:13] Scanning / for its files
[INFO]-[2021/08/09 13:56:13] Scanning wp-content for its sub-directories and files
[INFO]-[2021/08/09 13:56:14] Scanning wp-includes for its sub-directories and files
[INFO]-[2021/08/09 13:56:14] Scanning wp-admin for its sub-directories and files
[INFO]-[2021/08/09 13:56:15] Scanning .git for its sub-directories and files
[INFO]-[2021/08/09 13:56:16] Copying files...
[INFO]-[2021/08/09 13:56:16] Total 50 files processed
[INFO]-[2021/08/09 13:56:16] Total 100 files processed
[INFO]-[2021/08/09 13:56:16] Total 150 files processed
[INFO]-[2021/08/09 13:56:17] Total 200 files processed
[INFO]-[2021/08/09 13:56:17] Total 250 files processed
[INFO]-[2021/08/09 13:56:18] Total 300 files processed
[INFO]-[2021/08/09 13:56:18] Total 350 files processed
[INFO]-[2021/08/09 13:56:19] Total 400 files processed
[INFO]-[2021/08/09 13:56:19] Total 450 files processed
[INFO]-[2021/08/09 13:56:20] Total 500 files processed
[INFO]-[2021/08/09 13:56:20] Total 550 files processed
[INFO]-[2021/08/09 13:56:21] Total 600 files processed
[INFO]-[2021/08/09 13:56:22] Total 650 files processed
[INFO]-[2021/08/09 13:56:22] Total 700 files processed
[INFO]-[2021/08/09 13:56:23] Total 750 files processed
[INFO]-[2021/08/09 13:56:24] Total 800 files processed
[INFO]-[2021/08/09 13:56:24] Total 850 files processed
[INFO]-[2021/08/09 13:56:25] Total 900 files processed
[INFO]-[2021/08/09 13:56:25] Total 950 files processed
[INFO]-[2021/08/09 13:56:26] Total 1000 files processed
[INFO]-[2021/08/09 13:56:26] Total 1050 files processed
[INFO]-[2021/08/09 13:56:27] Total 1100 files processed
[INFO]-[2021/08/09 13:56:27] Total 1150 files processed
[INFO]-[2021/08/09 13:56:28] Total 1200 files processed
[INFO]-[2021/08/09 13:56:29] Total 1250 files processed
[INFO]-[2021/08/09 13:56:29] Total 1300 files processed
[INFO]-[2021/08/09 13:56:30] Total 1350 files processed
[INFO]-[2021/08/09 13:56:31] Total 1400 files processed
[INFO]-[2021/08/09 13:56:31] Total 1450 files processed
[INFO]-[2021/08/09 13:56:32] Total 1500 files processed
[INFO]-[2021/08/09 13:56:32] Total 1550 files processed
[INFO]-[2021/08/09 13:56:33] Total 1600 files processed
[INFO]-[2021/08/09 13:56:34] Total 1650 files processed
[INFO]-[2021/08/09 13:56:34] Total 1700 files processed
[INFO]-[2021/08/09 13:56:35] Total 1750 files processed
[INFO]-[2021/08/09 13:56:35] Total 1800 files processed
[INFO]-[2021/08/09 13:56:36] Total 1850 files processed
[INFO]-[2021/08/09 13:56:36] Total 1900 files processed
[INFO]-[2021/08/09 13:56:37] Total 1950 files processed
[INFO]-[2021/08/09 13:56:37] Total 2000 files processed
[INFO]-[2021/08/09 13:56:38] Total 2050 files processed
[INFO]-[2021/08/09 13:56:39] Total 2100 files processed
[INFO]-[2021/08/09 13:56:39] Total 2150 files processed
[INFO]-[2021/08/09 13:56:40] Total 2200 files processed
[INFO]-[2021/08/09 13:56:40] Total 2250 files processed
[INFO]-[2021/08/09 13:56:41] Total 2300 files processed
[INFO]-[2021/08/09 13:56:41] Total 2350 files processed
[INFO]-[2021/08/09 13:56:42] Total 2400 files processed
[INFO]-[2021/08/09 13:56:42] Total 2450 files processed
[INFO]-[2021/08/09 13:56:43] Total 2500 files processed
[INFO]-[2021/08/09 13:56:44] Total 2550 files processed
[INFO]-[2021/08/09 13:56:44] Total 2600 files processed
[INFO]-[2021/08/09 13:56:45] Total 2650 files processed
[INFO]-[2021/08/09 13:56:45] Total 2700 files processed
[INFO]-[2021/08/09 13:56:46] Total 2750 files processed
[INFO]-[2021/08/09 13:56:47] Total 2800 files processed
[INFO]-[2021/08/09 13:56:48] Total 2850 files processed
[INFO]-[2021/08/09 13:56:48] Total 2900 files processed
[INFO]-[2021/08/09 13:56:49] Total 2950 files processed
[INFO]-[2021/08/09 13:56:50] Total 3000 files processed
[INFO]-[2021/08/09 13:56:51] Skipping big file: /Users/michaeladoyle/Sites/accelerate/.git/objects/pack/pack-0c3885343a09357f3bd3cce14f4aee052aaa19a9.pack
[INFO]-[2021/08/09 13:56:51] Total 3050 files processed
[WARNING]-[2021/08/09 13:56:51] File doesn't exist /Users/michaeladoyle/Sites/accelerate/
[INFO]-[2021/08/09 13:56:52] Skipped symlinking Wp Uploads Folder
[INFO]-[2021/08/09 13:56:52] Copying files finished
[INFO]-[2021/08/09 13:56:52] DB Data Step0: Copy wp-config.php file
[INFO]-[2021/08/09 13:56:52] DB Data Step0: Skipping: wp-config.php already exists in /Users/michaeladoyle/Sites/accelerate/accelerate/wp-config.php
[INFO]-[2021/08/09 13:56:53] DB Data Step1: Updating siteurl and homeurl in wpstg0_options to http://localhost:8888/accelerate/accelerate
[INFO]-[2021/08/09 13:56:53] DB Data Step2: Updating wpstg0_options 
[INFO]-[2021/08/09 13:56:54] DB Data Step3: Updating db prefix in wpstg0_usermeta.
[INFO]-[2021/08/09 13:56:54] DB Data Step4: Updating table_prefix in /Users/michaeladoyle/Sites/accelerate/accelerate/wp-config.php to wpstg0_
[INFO]-[2021/08/09 13:56:55] DB Data Step5: WP installation is not in a subdirectory! Skipping this step
[INFO]-[2021/08/09 13:56:55] DB Data Step6: Updating db prefix in wpstg0_options.
[INFO]-[2021/08/09 13:56:55] DB Data Step7: Updating constants in wp-config.php
[INFO]-[2021/08/09 13:56:55] DB Data Step7: Added:UPLOADS
[INFO]-[2021/08/09 13:56:55] DB Data Step7: Added:WP_PLUGIN_DIR
[INFO]-[2021/08/09 13:56:55] DB Data Step7: Added:WP_LANG_DIR
[INFO]-[2021/08/09 13:56:55] DB Data Step7: Added:WP_HOME
[INFO]-[2021/08/09 13:56:55] DB Data Step7: Added:WP_SITEURL
[INFO]-[2021/08/09 13:56:55] DB Data Step7: Added:WP_CACHE
[INFO]-[2021/08/09 13:56:55] DB Data Step7: Added:WP_ENVIRONMENT_TYPE
[INFO]-[2021/08/09 13:56:55] DB Data Step7: Skipping: WP_ALLOW_MULTISITE not defined in wp-config.php.
[INFO]-[2021/08/09 13:56:55] DB Data Step7: Skipping: MULTISITE not defined in wp-config.php.
[INFO]-[2021/08/09 13:56:56] Finish: Deleting clone job's cache files...
[INFO]-[2021/08/09 13:56:56] Finish: Clone job's cache files have been deleted!
[INFO]-[2021/08/09 13:56:56] Finish: Verifying existing clones...
[INFO]-[2021/08/09 13:56:56] Finish: The job finished!
